<?xml version="1.0" encoding="UTF-8"?>
<!-- Generated by org.testng.reporters.JUnitReportReporter -->
<testsuite hostname="Rohit" failures="0" tests="1" name="selenium4.HandlingPopups" time="15.835" errors="0" timestamp="2024-11-10T15:16:32 IST" skipped="0">
  <testcase classname="selenium4.HandlingPopups" name="checkWhetherTheUserIsAbleToHandleAuthenticationPopup" time="15.835"/>
</testsuite> <!-- selenium4.HandlingPopups -->
