<?xml version="1.0" encoding="UTF-8"?>
<!-- Generated by org.testng.reporters.JUnitReportReporter -->
<testsuite hostname="Rohit" failures="0" tests="1" name="selenium4.LearningMethodsOfWebElement" time="22.856" errors="0" timestamp="2024-07-20T19:45:20 IST" skipped="0">
  <testcase classname="selenium4.LearningMethodsOfWebElement" name="writeAScripToGetTheColorOfErrorMessage" time="22.856"/>
</testsuite> <!-- selenium4.LearningMethodsOfWebElement -->
