<?xml version="1.0" encoding="UTF-8"?>
<!-- Generated by org.testng.reporters.JUnitReportReporter -->
<testsuite hostname="Rohit" failures="0" tests="1" name="extra.DemoWebShopScenario" time="40.216" errors="0" timestamp="2024-08-16T23:38:37 IST" skipped="0">
  <testcase classname="extra.DemoWebShopScenario" name="sample" time="40.216"/>
</testsuite> <!-- extra.DemoWebShopScenario -->
