<?xml version="1.0" encoding="UTF-8"?>
<!-- Generated by org.testng.reporters.JUnitReportReporter -->
<testsuite hostname="Rohit" failures="0" tests="1" name="selenium4.LearningMethodsOfWebdriver" time="24.702" errors="0" timestamp="2024-08-12T23:31:26 IST" skipped="0">
  <testcase classname="selenium4.LearningMethodsOfWebdriver" name="writeAScriptToDoMaximizeMinimizeAndFullscreenOpsOnWindow" time="24.702"/>
</testsuite> <!-- selenium4.LearningMethodsOfWebdriver -->
