<?xml version="1.0" encoding="UTF-8"?>
<!-- Generated by org.testng.reporters.JUnitReportReporter -->
<testsuite hostname="Rohit" failures="0" tests="1" name="selenium4.LearningMethodsOfActionsClass" time="17.418" errors="0" timestamp="2024-11-27T19:18:29 IST" skipped="0">
  <testcase classname="selenium4.LearningMethodsOfActionsClass" name="writeAScriptToHAandleTheSliderEle" time="17.418"/>
</testsuite> <!-- selenium4.LearningMethodsOfActionsClass -->
