<?xml version="1.0" encoding="UTF-8"?>
<!-- Generated by org.testng.reporters.JUnitReportReporter -->
<testsuite hostname="Rohit" failures="0" tests="1" name="selenium4.TakesScreenshotUsage" time="12.105" errors="0" timestamp="2024-05-30T19:41:01 IST" skipped="0">
  <testcase classname="selenium4.TakesScreenshotUsage" name="scriptForFacebookLoginWithInvalidData" time="12.105"/>
</testsuite> <!-- selenium4.TakesScreenshotUsage -->
