<?xml version="1.0" encoding="UTF-8"?>
<!-- Generated by org.testng.reporters.JUnitReportReporter -->
<testsuite hostname="Rohit" failures="0" tests="1" name="com.example.framework.google.GooglePageTest" time="23.751" errors="0" timestamp="2024-06-19T07:51:00 IST" skipped="0">
  <testcase classname="com.example.framework.google.GooglePageTest" name="fetchTheTextOfSearchResults" time="23.751"/>
</testsuite> <!-- com.example.framework.google.GooglePageTest -->
