<?xml version="1.0" encoding="UTF-8"?>
<!-- Generated by org.testng.reporters.JUnitReportReporter -->
<testsuite hostname="Rohit" failures="0" tests="1" name="com.example.framework.webform.WebFormTest" time="27.225" errors="0" timestamp="2024-06-20T00:05:41 IST" skipped="0">
  <testcase classname="com.example.framework.webform.WebFormTest" name="checkWhetherUserIsAbleToFillTheForm" time="27.225"/>
</testsuite> <!-- com.example.framework.webform.WebFormTest -->
