<?xml version="1.0" encoding="UTF-8"?>
<!-- Generated by org.testng.reporters.JUnitReportReporter -->
<testsuite hostname="Rohit" failures="0" tests="1" name="selenium4.LearningMethodsOfActionsClass" time="18.830" errors="0" timestamp="2024-07-20T19:51:00 IST" skipped="0">
  <testcase classname="selenium4.LearningMethodsOfActionsClass" name="writeAScriptToHAandleTheSliderEle" time="18.830"/>
</testsuite> <!-- selenium4.LearningMethodsOfActionsClass -->
