<?xml version="1.0" encoding="UTF-8"?>
<!-- Generated by org.testng.reporters.JUnitReportReporter -->
<testsuite hostname="Rohit" failures="0" tests="1" name="selenium4.ActiveElement" time="19.461" errors="0" timestamp="2024-07-20T23:34:59 IST" skipped="0">
  <testcase classname="selenium4.ActiveElement" name="checkWhetherTheUserIsAbleToCaptureTextFromAutoSuggestions" time="19.461"/>
</testsuite> <!-- selenium4.ActiveElement -->
