<?xml version="1.0" encoding="UTF-8"?>
<!-- Generated by org.testng.reporters.JUnitReportReporter -->
<testsuite hostname="Rohit" failures="0" tests="1" name="selenium4.HandlingPopups" time="24.635" errors="0" timestamp="2024-07-19T16:54:01 IST" skipped="0">
  <testcase classname="selenium4.HandlingPopups" name="checkWhetherTheUserIsAbleToHandlePromptPopup" time="24.635"/>
</testsuite> <!-- selenium4.HandlingPopups -->
