<?xml version="1.0" encoding="UTF-8"?>
<!-- Generated by org.testng.reporters.JUnitReportReporter -->
<testsuite hostname="Rohit" failures="0" tests="1" name="com.example.framework.trello.TrelloAppTest" time="60.275" errors="0" timestamp="2024-06-20T14:03:47 IST" skipped="0">
  <testcase classname="com.example.framework.trello.TrelloAppTest" name="checkClickHoldAndReleaseFunctionalityWithCardsAndListsInTrelloBoardsPage" time="60.275"/>
</testsuite> <!-- com.example.framework.trello.TrelloAppTest -->
