<?xml version="1.0" encoding="UTF-8"?>
<!-- Generated by org.testng.reporters.JUnitReportReporter -->
<testsuite hostname="Rohit" failures="0" tests="1" name="extra.GetDataFromTable" time="11.569" errors="0" timestamp="2024-07-21T22:33:10 IST" skipped="0">
  <testcase classname="extra.GetDataFromTable" name="checkWhetherTheUserIsAbleToFetchAllDataFromTheTable" time="11.569"/>
</testsuite> <!-- extra.GetDataFromTable -->
