<?xml version="1.0" encoding="UTF-8"?>
<!-- Generated by org.testng.reporters.JUnitReportReporter -->
<testsuite hostname="Rohit" failures="0" tests="1" name="com.example.framework.google.GooglePageTest" time="13.957" errors="0" timestamp="2024-10-20T09:52:48 IST" skipped="0">
  <testcase classname="com.example.framework.google.GooglePageTest" name="fetchTheTextOfSearchResults" time="13.957"/>
</testsuite> <!-- com.example.framework.google.GooglePageTest -->
