<?xml version="1.0" encoding="UTF-8"?>
<!-- Generated by org.testng.reporters.JUnitReportReporter -->
<testsuite hostname="Rohit" failures="0" tests="1" name="extra.HandlingDynamicElements" time="18.014" errors="0" timestamp="2024-07-21T18:27:16 IST" skipped="0">
  <testcase classname="extra.HandlingDynamicElements" name="fetchTheRatingOfIphone14ProinFlipkartApp" time="18.014"/>
</testsuite> <!-- extra.HandlingDynamicElements -->
