<?xml version="1.0" encoding="UTF-8"?>
<!-- Generated by org.testng.reporters.JUnitReportReporter -->
<testsuite hostname="Rohit" failures="0" tests="2" name="com.example.framework.facebook.FacebookTest" time="34.216" errors="0" timestamp="2024-06-19T08:11:36 IST" skipped="1">
  <testcase classname="com.example.framework.facebook.FacebookTest" name="writeAScriptToEnterDataAndLoginIntoFacebookLoginPage" time="34.216"/>
  <testcase classname="com.example.framework.facebook.FacebookTest" name="WriteAScriptToTestForgotPassword">
    <skipped/>
  </testcase> <!-- WriteAScriptToTestForgotPassword -->
</testsuite> <!-- com.example.framework.facebook.FacebookTest -->
