<?xml version="1.0" encoding="UTF-8"?>
<!-- Generated by org.testng.reporters.JUnitReportReporter -->
<testsuite hostname="Rohit" failures="0" tests="1" name="selenium4.LearningMethodsOfWebdriver" time="8.236" errors="0" timestamp="2024-11-10T15:08:58 IST" skipped="0">
  <testcase classname="selenium4.LearningMethodsOfWebdriver" name="writeAScriptToNavigateUsingURLObject" time="8.236"/>
</testsuite> <!-- selenium4.LearningMethodsOfWebdriver -->
